<?xml version="1.0" encoding="UTF-8"?>
<!-- Generated by org.testng.reporters.JUnitReportReporter -->
<testsuite hostname="MacBookAir" failures="0" tests="1" name="Selenium01.testng" time="2.438" errors="0" timestamp="2024-10-08T17:31:32 BST" skipped="0">
  <testcase classname="Selenium01.testng" name="test01" time="2.438"/>
  <system-out/>
</testsuite> <!-- Selenium01.testng -->
